<?xml version="1.0" encoding="UTF-8"?>
<coverage generated="1712436288047" clover="3.2.0">
  <project timestamp="1712436288047" name="All files">
    <metrics statements="57" coveredstatements="55" conditionals="25" coveredconditionals="23" methods="5" coveredmethods="5" elements="87" coveredelements="83" complexity="0" loc="57" ncloc="57" packages="3" files="3" classes="3"/>
    <package name="functions.formatDate">
      <metrics statements="8" coveredstatements="8" conditionals="1" coveredconditionals="1" methods="1" coveredmethods="1"/>
      <file name="formatDate.ts" path="/home/andrew/repos/date-formatter-code-challenge/functions/formatDate/formatDate.ts">
        <metrics statements="8" coveredstatements="8" conditionals="1" coveredconditionals="1" methods="1" coveredmethods="1"/>
        <line num="2" count="1" type="stmt"/>
        <line num="4" count="1" type="stmt"/>
        <line num="9" count="2" type="cond" truecount="1" falsecount="0"/>
        <line num="10" count="1" type="stmt"/>
        <line num="13" count="1" type="stmt"/>
        <line num="15" count="1" type="stmt"/>
        <line num="16" count="1" type="stmt"/>
        <line num="17" count="1" type="stmt"/>
      </file>
    </package>
    <package name="functions.inputFormatParser">
      <metrics statements="40" coveredstatements="38" conditionals="20" coveredconditionals="18" methods="3" coveredmethods="3"/>
      <file name="inputFormatParser.ts" path="/home/andrew/repos/date-formatter-code-challenge/functions/inputFormatParser/inputFormatParser.ts">
        <metrics statements="40" coveredstatements="38" conditionals="20" coveredconditionals="18" methods="3" coveredmethods="3"/>
        <line num="2" count="2" type="stmt"/>
        <line num="3" count="2" type="stmt"/>
        <line num="12" count="2" type="stmt"/>
        <line num="39" count="7" type="stmt"/>
        <line num="41" count="7" type="stmt"/>
        <line num="42" count="62" type="cond" truecount="1" falsecount="0"/>
        <line num="43" count="11" type="cond" truecount="2" falsecount="0"/>
        <line num="45" count="10" type="stmt"/>
        <line num="47" count="1" type="stmt"/>
        <line num="53" count="6" type="cond" truecount="1" falsecount="0"/>
        <line num="54" count="1" type="stmt"/>
        <line num="56" count="5" type="stmt"/>
        <line num="59" count="2" type="stmt"/>
        <line num="60" count="7" type="stmt"/>
        <line num="68" count="7" type="stmt"/>
        <line num="70" count="5" type="stmt"/>
        <line num="72" count="5" type="stmt"/>
        <line num="80" count="5" type="stmt"/>
        <line num="83" count="5" type="stmt"/>
        <line num="84" count="13" type="stmt"/>
        <line num="88" count="13" type="cond" truecount="0" falsecount="1"/>
        <line num="89" count="0" type="stmt"/>
        <line num="92" count="13" type="cond" truecount="1" falsecount="0"/>
        <line num="93" count="5" type="cond" truecount="2" falsecount="0"/>
        <line num="94" count="1" type="stmt"/>
        <line num="96" count="4" type="stmt"/>
        <line num="97" count="4" type="stmt"/>
        <line num="100" count="12" type="cond" truecount="1" falsecount="0"/>
        <line num="102" count="4" type="cond" truecount="2" falsecount="0"/>
        <line num="103" count="1" type="stmt"/>
        <line num="105" count="3" type="stmt"/>
        <line num="106" count="3" type="stmt"/>
        <line num="109" count="11" type="cond" truecount="1" falsecount="0"/>
        <line num="111" count="4" type="cond" truecount="2" falsecount="0"/>
        <line num="112" count="1" type="stmt"/>
        <line num="114" count="3" type="stmt"/>
        <line num="115" count="3" type="stmt"/>
        <line num="126" count="2" type="cond" truecount="1" falsecount="1"/>
        <line num="132" count="0" type="stmt"/>
        <line num="136" count="2" type="stmt"/>
      </file>
    </package>
    <package name="utils">
      <metrics statements="9" coveredstatements="9" conditionals="4" coveredconditionals="4" methods="1" coveredmethods="1"/>
      <file name="isAlphaChar.ts" path="/home/andrew/repos/date-formatter-code-challenge/utils/isAlphaChar.ts">
        <metrics statements="9" coveredstatements="9" conditionals="4" coveredconditionals="4" methods="1" coveredmethods="1"/>
        <line num="1" count="3" type="stmt"/>
        <line num="2" count="64" type="cond" truecount="1" falsecount="0"/>
        <line num="3" count="1" type="stmt"/>
        <line num="6" count="63" type="cond" truecount="1" falsecount="0"/>
        <line num="7" count="1" type="stmt"/>
        <line num="12" count="62" type="stmt"/>
        <line num="13" count="62" type="cond" truecount="2" falsecount="0"/>
        <line num="14" count="51" type="stmt"/>
        <line num="16" count="11" type="stmt"/>
      </file>
    </package>
  </project>
</coverage>
