<?xml version="1.0" encoding="UTF-8"?>
<coverage generated="1712499657325" clover="3.2.0">
  <project timestamp="1712499657325" name="All files">
    <metrics statements="134" coveredstatements="129" conditionals="40" coveredconditionals="38" methods="17" coveredmethods="17" elements="191" coveredelements="184" complexity="0" loc="134" ncloc="134" packages="4" files="4" classes="4"/>
    <package name="functions.applyDateFormat">
      <metrics statements="72" coveredstatements="69" conditionals="13" coveredconditionals="13" methods="12" coveredmethods="12"/>
      <file name="applyDateFormat.ts" path="/home/andrew/repos/date-formatter-code-challenge/functions/applyDateFormat/applyDateFormat.ts">
        <metrics statements="72" coveredstatements="69" conditionals="13" coveredconditionals="13" methods="12" coveredmethods="12"/>
        <line num="5" count="5" type="stmt"/>
        <line num="6" count="0" type="stmt"/>
        <line num="9" count="5" type="stmt"/>
        <line num="14" count="2" type="stmt"/>
        <line num="24" count="2" type="stmt"/>
        <line num="48" count="2" type="stmt"/>
        <line num="63" count="2" type="stmt"/>
        <line num="83" count="3" type="stmt"/>
        <line num="87" count="2" type="stmt"/>
        <line num="91" count="1" type="stmt"/>
        <line num="95" count="2" type="stmt"/>
        <line num="96" count="2" type="cond" truecount="1" falsecount="0"/>
        <line num="97" count="2" type="stmt"/>
        <line num="98" count="2" type="stmt"/>
        <line num="100" count="0" type="stmt"/>
        <line num="104" count="1" type="stmt"/>
        <line num="108" count="1" type="stmt"/>
        <line num="113" count="1" type="stmt"/>
        <line num="114" count="1" type="stmt"/>
        <line num="118" count="2" type="stmt"/>
        <line num="119" count="2" type="cond" truecount="1" falsecount="0"/>
        <line num="120" count="2" type="stmt"/>
        <line num="121" count="2" type="stmt"/>
        <line num="123" count="0" type="stmt"/>
        <line num="127" count="1" type="stmt"/>
        <line num="130" count="1" type="stmt"/>
        <line num="134" count="2" type="stmt"/>
        <line num="147" count="2" type="stmt"/>
        <line num="154" count="5" type="stmt"/>
        <line num="155" count="5" type="stmt"/>
        <line num="156" count="5" type="stmt"/>
        <line num="157" count="5" type="stmt"/>
        <line num="161" count="5" type="stmt"/>
        <line num="163" count="5" type="stmt"/>
        <line num="166" count="5" type="stmt"/>
        <line num="168" count="5" type="stmt"/>
        <line num="169" count="15" type="stmt"/>
        <line num="171" count="15" type="stmt"/>
        <line num="172" count="15" type="cond" truecount="10" falsecount="0"/>
        <line num="174" count="3" type="stmt"/>
        <line num="175" count="3" type="stmt"/>
        <line num="176" count="3" type="stmt"/>
        <line num="178" count="2" type="stmt"/>
        <line num="179" count="2" type="stmt"/>
        <line num="180" count="2" type="stmt"/>
        <line num="182" count="1" type="stmt"/>
        <line num="183" count="1" type="stmt"/>
        <line num="184" count="1" type="stmt"/>
        <line num="186" count="2" type="stmt"/>
        <line num="187" count="2" type="stmt"/>
        <line num="188" count="2" type="stmt"/>
        <line num="190" count="1" type="stmt"/>
        <line num="191" count="1" type="stmt"/>
        <line num="192" count="1" type="stmt"/>
        <line num="194" count="1" type="stmt"/>
        <line num="195" count="1" type="stmt"/>
        <line num="196" count="1" type="stmt"/>
        <line num="198" count="1" type="stmt"/>
        <line num="199" count="1" type="stmt"/>
        <line num="200" count="1" type="stmt"/>
        <line num="202" count="2" type="stmt"/>
        <line num="203" count="2" type="stmt"/>
        <line num="204" count="2" type="stmt"/>
        <line num="207" count="1" type="stmt"/>
        <line num="208" count="1" type="stmt"/>
        <line num="209" count="1" type="stmt"/>
        <line num="212" count="1" type="stmt"/>
        <line num="213" count="1" type="stmt"/>
        <line num="214" count="1" type="stmt"/>
        <line num="218" count="15" type="cond" truecount="1" falsecount="0"/>
        <line num="219" count="10" type="stmt"/>
        <line num="224" count="5" type="stmt"/>
      </file>
    </package>
    <package name="functions.formatDate">
      <metrics statements="12" coveredstatements="12" conditionals="3" coveredconditionals="3" methods="1" coveredmethods="1"/>
      <file name="formatDate.ts" path="/home/andrew/repos/date-formatter-code-challenge/functions/formatDate/formatDate.ts">
        <metrics statements="12" coveredstatements="12" conditionals="3" coveredconditionals="3" methods="1" coveredmethods="1"/>
        <line num="2" count="1" type="stmt"/>
        <line num="3" count="1" type="stmt"/>
        <line num="5" count="1" type="stmt"/>
        <line num="10" count="4" type="cond" truecount="1" falsecount="0"/>
        <line num="11" count="1" type="stmt"/>
        <line num="14" count="3" type="cond" truecount="1" falsecount="0"/>
        <line num="15" count="1" type="stmt"/>
        <line num="18" count="2" type="cond" truecount="1" falsecount="0"/>
        <line num="19" count="1" type="stmt"/>
        <line num="24" count="1" type="stmt"/>
        <line num="26" count="1" type="stmt"/>
        <line num="28" count="1" type="stmt"/>
      </file>
    </package>
    <package name="functions.inputFormatParser">
      <metrics statements="41" coveredstatements="39" conditionals="20" coveredconditionals="18" methods="3" coveredmethods="3"/>
      <file name="inputFormatParser.ts" path="/home/andrew/repos/date-formatter-code-challenge/functions/inputFormatParser/inputFormatParser.ts">
        <metrics statements="41" coveredstatements="39" conditionals="20" coveredconditionals="18" methods="3" coveredmethods="3"/>
        <line num="2" count="2" type="stmt"/>
        <line num="3" count="2" type="stmt"/>
        <line num="12" count="2" type="stmt"/>
        <line num="44" count="7" type="stmt"/>
        <line num="46" count="7" type="stmt"/>
        <line num="47" count="62" type="cond" truecount="1" falsecount="0"/>
        <line num="48" count="11" type="cond" truecount="2" falsecount="0"/>
        <line num="50" count="10" type="stmt"/>
        <line num="52" count="1" type="stmt"/>
        <line num="58" count="6" type="cond" truecount="1" falsecount="0"/>
        <line num="59" count="1" type="stmt"/>
        <line num="61" count="5" type="stmt"/>
        <line num="64" count="2" type="stmt"/>
        <line num="67" count="7" type="stmt"/>
        <line num="70" count="7" type="stmt"/>
        <line num="72" count="5" type="stmt"/>
        <line num="74" count="5" type="stmt"/>
        <line num="82" count="5" type="stmt"/>
        <line num="85" count="5" type="stmt"/>
        <line num="86" count="13" type="stmt"/>
        <line num="90" count="13" type="cond" truecount="0" falsecount="1"/>
        <line num="91" count="0" type="stmt"/>
        <line num="94" count="13" type="cond" truecount="1" falsecount="0"/>
        <line num="95" count="5" type="cond" truecount="2" falsecount="0"/>
        <line num="96" count="1" type="stmt"/>
        <line num="98" count="4" type="stmt"/>
        <line num="99" count="4" type="stmt"/>
        <line num="102" count="12" type="cond" truecount="1" falsecount="0"/>
        <line num="104" count="4" type="cond" truecount="2" falsecount="0"/>
        <line num="105" count="1" type="stmt"/>
        <line num="107" count="3" type="stmt"/>
        <line num="108" count="3" type="stmt"/>
        <line num="111" count="11" type="cond" truecount="1" falsecount="0"/>
        <line num="113" count="4" type="cond" truecount="2" falsecount="0"/>
        <line num="114" count="1" type="stmt"/>
        <line num="116" count="3" type="stmt"/>
        <line num="117" count="3" type="stmt"/>
        <line num="128" count="2" type="cond" truecount="1" falsecount="1"/>
        <line num="134" count="0" type="stmt"/>
        <line num="139" count="2" type="stmt"/>
        <line num="143" count="2" type="stmt"/>
      </file>
    </package>
    <package name="utils">
      <metrics statements="9" coveredstatements="9" conditionals="4" coveredconditionals="4" methods="1" coveredmethods="1"/>
      <file name="isAlphaChar.ts" path="/home/andrew/repos/date-formatter-code-challenge/utils/isAlphaChar.ts">
        <metrics statements="9" coveredstatements="9" conditionals="4" coveredconditionals="4" methods="1" coveredmethods="1"/>
        <line num="1" count="3" type="stmt"/>
        <line num="2" count="64" type="cond" truecount="1" falsecount="0"/>
        <line num="3" count="1" type="stmt"/>
        <line num="6" count="63" type="cond" truecount="1" falsecount="0"/>
        <line num="7" count="1" type="stmt"/>
        <line num="12" count="62" type="stmt"/>
        <line num="13" count="62" type="cond" truecount="2" falsecount="0"/>
        <line num="14" count="51" type="stmt"/>
        <line num="16" count="11" type="stmt"/>
      </file>
    </package>
  </project>
</coverage>
