{"/home/andrew/repos/date-formatter-code-challenge/functions/formatDate/formatDate.ts": {"path":"/home/andrew/repos/date-formatter-code-challenge/functions/formatDate/formatDate.ts","statementMap":{"0":{"start":{"line":2,"column":0},"end":{"line":2,"column":75}},"1":{"start":{"line":9,"column":2},"end":{"line":11,"column":3}},"2":{"start":{"line":10,"column":4},"end":{"line":10,"column":65}},"3":{"start":{"line":13,"column":23},"end":{"line":13,"column":48}},"4":{"start":{"line":15,"column":2},"end":{"line":15,"column":34}},"5":{"start":{"line":16,"column":2},"end":{"line":16,"column":28}},"6":{"start":{"line":17,"column":2},"end":{"line":17,"column":16}},"7":{"start":{"line":4,"column":0},"end":{"line":4,"column":24}}},"fnMap":{"0":{"name":"formatDate","decl":{"start":{"line":4,"column":24},"end":{"line":4,"column":34}},"loc":{"start":{"line":6,"column":21},"end":{"line":18,"column":1}}}},"branchMap":{"0":{"loc":{"start":{"line":9,"column":2},"end":{"line":11,"column":3}},"type":"if","locations":[{"start":{"line":9,"column":2},"end":{"line":11,"column":3}}]}},"s":{"0":1,"1":2,"2":1,"3":1,"4":1,"5":1,"6":1,"7":1},"f":{"0":2},"b":{"0":[1]}}
,"/home/andrew/repos/date-formatter-code-challenge/functions/inputFormatParser/inputFormatParser.ts": {"path":"/home/andrew/repos/date-formatter-code-challenge/functions/inputFormatParser/inputFormatParser.ts","statementMap":{"0":{"start":{"line":2,"column":0},"end":{"line":2,"column":54}},"1":{"start":{"line":3,"column":24},"end":{"line":8,"column":2}},"2":{"start":{"line":12,"column":25},"end":{"line":23,"column":2}},"3":{"start":{"line":39,"column":18},"end":{"line":39,"column":20}},"4":{"start":{"line":41,"column":2},"end":{"line":50,"column":5}},"5":{"start":{"line":42,"column":4},"end":{"line":49,"column":5}},"6":{"start":{"line":43,"column":6},"end":{"line":48,"column":7}},"7":{"start":{"line":45,"column":8},"end":{"line":45,"column":38}},"8":{"start":{"line":47,"column":8},"end":{"line":47,"column":46}},"9":{"start":{"line":53,"column":2},"end":{"line":55,"column":3}},"10":{"start":{"line":54,"column":4},"end":{"line":54,"column":46}},"11":{"start":{"line":56,"column":2},"end":{"line":56,"column":32}},"12":{"start":{"line":60,"column":29},"end":{"line":60,"column":54}},"13":{"start":{"line":68,"column":20},"end":{"line":68,"column":56}},"14":{"start":{"line":70,"column":22},"end":{"line":70,"column":57}},"15":{"start":{"line":72,"column":40},"end":{"line":78,"column":4}},"16":{"start":{"line":80,"column":2},"end":{"line":80,"column":39}},"17":{"start":{"line":83,"column":2},"end":{"line":122,"column":3}},"18":{"start":{"line":83,"column":15},"end":{"line":83,"column":16}},"19":{"start":{"line":84,"column":17},"end":{"line":84,"column":31}},"20":{"start":{"line":88,"column":4},"end":{"line":90,"column":5}},"21":{"start":{"line":89,"column":6},"end":{"line":89,"column":42}},"22":{"start":{"line":92,"column":4},"end":{"line":99,"column":5}},"23":{"start":{"line":93,"column":6},"end":{"line":98,"column":7}},"24":{"start":{"line":94,"column":8},"end":{"line":94,"column":52}},"25":{"start":{"line":96,"column":8},"end":{"line":96,"column":45}},"26":{"start":{"line":97,"column":8},"end":{"line":97,"column":56}},"27":{"start":{"line":100,"column":4},"end":{"line":108,"column":5}},"28":{"start":{"line":102,"column":6},"end":{"line":107,"column":7}},"29":{"start":{"line":103,"column":8},"end":{"line":103,"column":54}},"30":{"start":{"line":105,"column":8},"end":{"line":105,"column":49}},"31":{"start":{"line":106,"column":8},"end":{"line":106,"column":58}},"32":{"start":{"line":109,"column":4},"end":{"line":117,"column":5}},"33":{"start":{"line":111,"column":6},"end":{"line":116,"column":7}},"34":{"start":{"line":112,"column":8},"end":{"line":112,"column":53}},"35":{"start":{"line":114,"column":8},"end":{"line":114,"column":47}},"36":{"start":{"line":115,"column":8},"end":{"line":115,"column":57}},"37":{"start":{"line":126,"column":2},"end":{"line":137,"column":3}},"38":{"start":{"line":132,"column":4},"end":{"line":134,"column":6}},"39":{"start":{"line":136,"column":4},"end":{"line":136,"column":23}},"40":{"start":{"line":59,"column":0},"end":{"line":59,"column":16}}},"fnMap":{"0":{"name":"isolateSeparator","decl":{"start":{"line":38,"column":9},"end":{"line":38,"column":25}},"loc":{"start":{"line":38,"column":45},"end":{"line":57,"column":1}}},"1":{"name":"(anonymous_1)","decl":{"start":{"line":41,"column":34},"end":{"line":41,"column":35}},"loc":{"start":{"line":41,"column":43},"end":{"line":50,"column":3}}},"2":{"name":"inputFormatParser","decl":{"start":{"line":59,"column":16},"end":{"line":59,"column":33}},"loc":{"start":{"line":59,"column":58},"end":{"line":138,"column":1}}}},"branchMap":{"0":{"loc":{"start":{"line":42,"column":4},"end":{"line":49,"column":5}},"type":"if","locations":[{"start":{"line":42,"column":4},"end":{"line":49,"column":5}}]},"1":{"loc":{"start":{"line":43,"column":6},"end":{"line":48,"column":7}},"type":"if","locations":[{"start":{"line":43,"column":6},"end":{"line":48,"column":7}},{"start":{"line":46,"column":13},"end":{"line":48,"column":7}}]},"2":{"loc":{"start":{"line":53,"column":2},"end":{"line":55,"column":3}},"type":"if","locations":[{"start":{"line":53,"column":2},"end":{"line":55,"column":3}}]},"3":{"loc":{"start":{"line":88,"column":4},"end":{"line":90,"column":5}},"type":"if","locations":[{"start":{"line":88,"column":4},"end":{"line":90,"column":5}}]},"4":{"loc":{"start":{"line":92,"column":4},"end":{"line":99,"column":5}},"type":"if","locations":[{"start":{"line":92,"column":4},"end":{"line":99,"column":5}}]},"5":{"loc":{"start":{"line":93,"column":6},"end":{"line":98,"column":7}},"type":"if","locations":[{"start":{"line":93,"column":6},"end":{"line":98,"column":7}},{"start":{"line":95,"column":13},"end":{"line":98,"column":7}}]},"6":{"loc":{"start":{"line":100,"column":4},"end":{"line":108,"column":5}},"type":"if","locations":[{"start":{"line":100,"column":4},"end":{"line":108,"column":5}}]},"7":{"loc":{"start":{"line":102,"column":6},"end":{"line":107,"column":7}},"type":"if","locations":[{"start":{"line":102,"column":6},"end":{"line":107,"column":7}},{"start":{"line":104,"column":13},"end":{"line":107,"column":7}}]},"8":{"loc":{"start":{"line":109,"column":4},"end":{"line":117,"column":5}},"type":"if","locations":[{"start":{"line":109,"column":4},"end":{"line":117,"column":5}}]},"9":{"loc":{"start":{"line":111,"column":6},"end":{"line":116,"column":7}},"type":"if","locations":[{"start":{"line":111,"column":6},"end":{"line":116,"column":7}},{"start":{"line":113,"column":13},"end":{"line":116,"column":7}}]},"10":{"loc":{"start":{"line":126,"column":2},"end":{"line":137,"column":3}},"type":"if","locations":[{"start":{"line":126,"column":2},"end":{"line":137,"column":3}},{"start":{"line":135,"column":9},"end":{"line":137,"column":3}}]},"11":{"loc":{"start":{"line":127,"column":4},"end":{"line":130,"column":26}},"type":"binary-expr","locations":[{"start":{"line":127,"column":4},"end":{"line":127,"column":20}},{"start":{"line":128,"column":4},"end":{"line":128,"column":22}},{"start":{"line":129,"column":4},"end":{"line":129,"column":21}},{"start":{"line":130,"column":4},"end":{"line":130,"column":26}}]}},"s":{"0":2,"1":2,"2":2,"3":7,"4":7,"5":62,"6":11,"7":10,"8":1,"9":6,"10":1,"11":5,"12":7,"13":7,"14":5,"15":5,"16":5,"17":5,"18":5,"19":13,"20":13,"21":0,"22":13,"23":5,"24":1,"25":4,"26":4,"27":12,"28":4,"29":1,"30":3,"31":3,"32":11,"33":4,"34":1,"35":3,"36":3,"37":2,"38":0,"39":2,"40":2},"f":{"0":7,"1":62,"2":7},"b":{"0":[11],"1":[10,1],"2":[1],"3":[0],"4":[5],"5":[1,4],"6":[4],"7":[1,3],"8":[4],"9":[1,3],"10":[0,2],"11":[2,2,2,2]}}
,"/home/andrew/repos/date-formatter-code-challenge/utils/isAlphaChar.ts": {"path":"/home/andrew/repos/date-formatter-code-challenge/utils/isAlphaChar.ts","statementMap":{"0":{"start":{"line":2,"column":2},"end":{"line":4,"column":3}},"1":{"start":{"line":3,"column":4},"end":{"line":3,"column":80}},"2":{"start":{"line":6,"column":2},"end":{"line":10,"column":3}},"3":{"start":{"line":7,"column":4},"end":{"line":9,"column":6}},"4":{"start":{"line":12,"column":18},"end":{"line":12,"column":40}},"5":{"start":{"line":13,"column":2},"end":{"line":17,"column":3}},"6":{"start":{"line":14,"column":4},"end":{"line":14,"column":16}},"7":{"start":{"line":16,"column":4},"end":{"line":16,"column":17}},"8":{"start":{"line":1,"column":0},"end":{"line":1,"column":16}}},"fnMap":{"0":{"name":"isAlphaChar","decl":{"start":{"line":1,"column":16},"end":{"line":1,"column":27}},"loc":{"start":{"line":1,"column":42},"end":{"line":18,"column":1}}}},"branchMap":{"0":{"loc":{"start":{"line":2,"column":2},"end":{"line":4,"column":3}},"type":"if","locations":[{"start":{"line":2,"column":2},"end":{"line":4,"column":3}}]},"1":{"loc":{"start":{"line":6,"column":2},"end":{"line":10,"column":3}},"type":"if","locations":[{"start":{"line":6,"column":2},"end":{"line":10,"column":3}}]},"2":{"loc":{"start":{"line":13,"column":2},"end":{"line":17,"column":3}},"type":"if","locations":[{"start":{"line":13,"column":2},"end":{"line":17,"column":3}},{"start":{"line":15,"column":9},"end":{"line":17,"column":3}}]}},"s":{"0":64,"1":1,"2":63,"3":1,"4":62,"5":62,"6":51,"7":11,"8":3},"f":{"0":64},"b":{"0":[1],"1":[1],"2":[51,11]}}
}
