{"/home/andrew/repos/date-formatter-code-challenge/dist/functions/applyDateFormat/applyDateFormat.js": {"path":"/home/andrew/repos/date-formatter-code-challenge/dist/functions/applyDateFormat/applyDateFormat.js","statementMap":{"0":{"start":{"line":2,"column":0},"end":{"line":2,"column":62}},"1":{"start":{"line":4,"column":4},"end":{"line":6,"column":5}},"2":{"start":{"line":5,"column":8},"end":{"line":5,"column":37}},"3":{"start":{"line":7,"column":4},"end":{"line":7,"column":18}},"4":{"start":{"line":9,"column":22},"end":{"line":17,"column":1}},"5":{"start":{"line":18,"column":23},"end":{"line":26,"column":1}},"6":{"start":{"line":27,"column":24},"end":{"line":40,"column":1}},"7":{"start":{"line":41,"column":25},"end":{"line":54,"column":1}},"8":{"start":{"line":56,"column":4},"end":{"line":56,"column":27}},"9":{"start":{"line":59,"column":4},"end":{"line":59,"column":37}},"10":{"start":{"line":62,"column":4},"end":{"line":62,"column":26}},"11":{"start":{"line":65,"column":4},"end":{"line":65,"column":24}},"12":{"start":{"line":66,"column":4},"end":{"line":69,"column":5}},"13":{"start":{"line":67,"column":8},"end":{"line":67,"column":36}},"14":{"start":{"line":68,"column":8},"end":{"line":68,"column":36}},"15":{"start":{"line":70,"column":4},"end":{"line":70,"column":26}},"16":{"start":{"line":73,"column":4},"end":{"line":73,"column":31}},"17":{"start":{"line":76,"column":4},"end":{"line":76,"column":30}},"18":{"start":{"line":80,"column":23},"end":{"line":80,"column":53}},"19":{"start":{"line":81,"column":4},"end":{"line":81,"column":22}},"20":{"start":{"line":84,"column":29},"end":{"line":84,"column":46}},"21":{"start":{"line":85,"column":4},"end":{"line":88,"column":5}},"22":{"start":{"line":86,"column":8},"end":{"line":86,"column":36}},"23":{"start":{"line":87,"column":8},"end":{"line":87,"column":49}},"24":{"start":{"line":89,"column":4},"end":{"line":89,"column":39}},"25":{"start":{"line":92,"column":4},"end":{"line":92,"column":35}},"26":{"start":{"line":95,"column":4},"end":{"line":95,"column":34}},"27":{"start":{"line":98,"column":28},"end":{"line":109,"column":1}},"28":{"start":{"line":113,"column":23},"end":{"line":113,"column":37}},"29":{"start":{"line":114,"column":22},"end":{"line":114,"column":35}},"30":{"start":{"line":115,"column":18},"end":{"line":115,"column":33}},"31":{"start":{"line":116,"column":17},"end":{"line":116,"column":35}},"32":{"start":{"line":119,"column":33},"end":{"line":119,"column":69}},"33":{"start":{"line":120,"column":30},"end":{"line":120,"column":56}},"34":{"start":{"line":122,"column":28},"end":{"line":122,"column":30}},"35":{"start":{"line":123,"column":4},"end":{"line":172,"column":5}},"36":{"start":{"line":123,"column":17},"end":{"line":123,"column":18}},"37":{"start":{"line":124,"column":23},"end":{"line":124,"column":43}},"38":{"start":{"line":125,"column":30},"end":{"line":125,"column":32}},"39":{"start":{"line":126,"column":8},"end":{"line":167,"column":9}},"40":{"start":{"line":128,"column":16},"end":{"line":128,"column":68}},"41":{"start":{"line":129,"column":16},"end":{"line":129,"column":72}},"42":{"start":{"line":130,"column":16},"end":{"line":130,"column":22}},"43":{"start":{"line":132,"column":16},"end":{"line":132,"column":68}},"44":{"start":{"line":133,"column":16},"end":{"line":133,"column":72}},"45":{"start":{"line":134,"column":16},"end":{"line":134,"column":22}},"46":{"start":{"line":136,"column":16},"end":{"line":136,"column":74}},"47":{"start":{"line":137,"column":16},"end":{"line":137,"column":72}},"48":{"start":{"line":138,"column":16},"end":{"line":138,"column":22}},"49":{"start":{"line":140,"column":16},"end":{"line":140,"column":74}},"50":{"start":{"line":141,"column":16},"end":{"line":141,"column":72}},"51":{"start":{"line":142,"column":16},"end":{"line":142,"column":22}},"52":{"start":{"line":144,"column":16},"end":{"line":144,"column":73}},"53":{"start":{"line":145,"column":16},"end":{"line":145,"column":72}},"54":{"start":{"line":146,"column":16},"end":{"line":146,"column":22}},"55":{"start":{"line":148,"column":16},"end":{"line":148,"column":73}},"56":{"start":{"line":149,"column":16},"end":{"line":149,"column":72}},"57":{"start":{"line":150,"column":16},"end":{"line":150,"column":22}},"58":{"start":{"line":152,"column":16},"end":{"line":152,"column":84}},"59":{"start":{"line":153,"column":16},"end":{"line":153,"column":72}},"60":{"start":{"line":154,"column":16},"end":{"line":154,"column":22}},"61":{"start":{"line":156,"column":16},"end":{"line":156,"column":84}},"62":{"start":{"line":157,"column":16},"end":{"line":157,"column":72}},"63":{"start":{"line":158,"column":16},"end":{"line":158,"column":22}},"64":{"start":{"line":160,"column":16},"end":{"line":160,"column":84}},"65":{"start":{"line":161,"column":16},"end":{"line":161,"column":72}},"66":{"start":{"line":162,"column":16},"end":{"line":162,"column":22}},"67":{"start":{"line":164,"column":16},"end":{"line":164,"column":84}},"68":{"start":{"line":165,"column":16},"end":{"line":165,"column":72}},"69":{"start":{"line":166,"column":16},"end":{"line":166,"column":22}},"70":{"start":{"line":169,"column":8},"end":{"line":171,"column":9}},"71":{"start":{"line":170,"column":12},"end":{"line":170,"column":75}},"72":{"start":{"line":174,"column":4},"end":{"line":174,"column":29}},"73":{"start":{"line":176,"column":0},"end":{"line":176,"column":34}}},"fnMap":{"0":{"name":"removeLeadingZeros","decl":{"start":{"line":3,"column":9},"end":{"line":3,"column":27}},"loc":{"start":{"line":3,"column":36},"end":{"line":8,"column":1}},"line":3},"1":{"name":"formatYearYyyy","decl":{"start":{"line":55,"column":9},"end":{"line":55,"column":23}},"loc":{"start":{"line":55,"column":30},"end":{"line":57,"column":1}},"line":55},"2":{"name":"formatYearYy","decl":{"start":{"line":58,"column":9},"end":{"line":58,"column":21}},"loc":{"start":{"line":58,"column":28},"end":{"line":60,"column":1}},"line":58},"3":{"name":"formatDayD","decl":{"start":{"line":61,"column":9},"end":{"line":61,"column":19}},"loc":{"start":{"line":61,"column":25},"end":{"line":63,"column":1}},"line":61},"4":{"name":"formatDayDd","decl":{"start":{"line":64,"column":9},"end":{"line":64,"column":20}},"loc":{"start":{"line":64,"column":26},"end":{"line":71,"column":1}},"line":64},"5":{"name":"formatDayDdd","decl":{"start":{"line":72,"column":9},"end":{"line":72,"column":21}},"loc":{"start":{"line":72,"column":27},"end":{"line":74,"column":1}},"line":72},"6":{"name":"formatDayDddd","decl":{"start":{"line":75,"column":9},"end":{"line":75,"column":22}},"loc":{"start":{"line":75,"column":28},"end":{"line":77,"column":1}},"line":75},"7":{"name":"formatMonthM","decl":{"start":{"line":78,"column":9},"end":{"line":78,"column":21}},"loc":{"start":{"line":78,"column":29},"end":{"line":82,"column":1}},"line":78},"8":{"name":"formatMonthMm","decl":{"start":{"line":83,"column":9},"end":{"line":83,"column":22}},"loc":{"start":{"line":83,"column":30},"end":{"line":90,"column":1}},"line":83},"9":{"name":"formatDayMmm","decl":{"start":{"line":91,"column":9},"end":{"line":91,"column":21}},"loc":{"start":{"line":91,"column":29},"end":{"line":93,"column":1}},"line":91},"10":{"name":"formatDayMmmm","decl":{"start":{"line":94,"column":9},"end":{"line":94,"column":22}},"loc":{"start":{"line":94,"column":30},"end":{"line":96,"column":1}},"line":94},"11":{"name":"applyDateFormat","decl":{"start":{"line":110,"column":9},"end":{"line":110,"column":24}},"loc":{"start":{"line":110,"column":45},"end":{"line":175,"column":1}},"line":110}},"branchMap":{"0":{"loc":{"start":{"line":66,"column":4},"end":{"line":69,"column":5}},"type":"if","locations":[{"start":{"line":66,"column":4},"end":{"line":69,"column":5}},{"start":{},"end":{}}],"line":66},"1":{"loc":{"start":{"line":85,"column":4},"end":{"line":88,"column":5}},"type":"if","locations":[{"start":{"line":85,"column":4},"end":{"line":88,"column":5}},{"start":{},"end":{}}],"line":85},"2":{"loc":{"start":{"line":126,"column":8},"end":{"line":167,"column":9}},"type":"switch","locations":[{"start":{"line":127,"column":12},"end":{"line":130,"column":22}},{"start":{"line":131,"column":12},"end":{"line":134,"column":22}},{"start":{"line":135,"column":12},"end":{"line":138,"column":22}},{"start":{"line":139,"column":12},"end":{"line":142,"column":22}},{"start":{"line":143,"column":12},"end":{"line":146,"column":22}},{"start":{"line":147,"column":12},"end":{"line":150,"column":22}},{"start":{"line":151,"column":12},"end":{"line":154,"column":22}},{"start":{"line":155,"column":12},"end":{"line":158,"column":22}},{"start":{"line":159,"column":12},"end":{"line":162,"column":22}},{"start":{"line":163,"column":12},"end":{"line":166,"column":22}}],"line":126},"3":{"loc":{"start":{"line":169,"column":8},"end":{"line":171,"column":9}},"type":"if","locations":[{"start":{"line":169,"column":8},"end":{"line":171,"column":9}},{"start":{},"end":{}}],"line":169}},"s":{"0":2,"1":5,"2":0,"3":5,"4":2,"5":2,"6":2,"7":2,"8":3,"9":2,"10":1,"11":2,"12":2,"13":1,"14":1,"15":1,"16":1,"17":1,"18":1,"19":1,"20":2,"21":2,"22":2,"23":2,"24":0,"25":1,"26":1,"27":2,"28":5,"29":5,"30":5,"31":5,"32":5,"33":5,"34":5,"35":5,"36":5,"37":15,"38":15,"39":15,"40":3,"41":3,"42":3,"43":2,"44":2,"45":2,"46":1,"47":1,"48":1,"49":2,"50":2,"51":2,"52":1,"53":1,"54":1,"55":1,"56":1,"57":1,"58":1,"59":1,"60":1,"61":2,"62":2,"63":2,"64":1,"65":1,"66":1,"67":1,"68":1,"69":1,"70":15,"71":10,"72":5,"73":2},"f":{"0":5,"1":3,"2":2,"3":1,"4":2,"5":1,"6":1,"7":1,"8":2,"9":1,"10":1,"11":5},"b":{"0":[1,1],"1":[2,0],"2":[3,2,1,2,1,1,1,2,1,1],"3":[10,5]},"inputSourceMap":null,"_coverageSchema":"1a1c01bbd47fc00a2c39e90264f33305004495a9","hash":"241a656a713fab1a21c2145736145ea217ede53c"}
,"/home/andrew/repos/date-formatter-code-challenge/dist/functions/formatDate/formatDate.js": {"path":"/home/andrew/repos/date-formatter-code-challenge/dist/functions/formatDate/formatDate.js","statementMap":{"0":{"start":{"line":2,"column":22},"end":{"line":4,"column":1}},"1":{"start":{"line":3,"column":4},"end":{"line":3,"column":62}},"2":{"start":{"line":5,"column":0},"end":{"line":5,"column":62}},"3":{"start":{"line":6,"column":26},"end":{"line":6,"column":88}},"4":{"start":{"line":7,"column":28},"end":{"line":7,"column":77}},"5":{"start":{"line":10,"column":4},"end":{"line":12,"column":5}},"6":{"start":{"line":11,"column":8},"end":{"line":11,"column":69}},"7":{"start":{"line":13,"column":4},"end":{"line":15,"column":5}},"8":{"start":{"line":14,"column":8},"end":{"line":14,"column":79}},"9":{"start":{"line":16,"column":4},"end":{"line":18,"column":5}},"10":{"start":{"line":17,"column":8},"end":{"line":17,"column":65}},"11":{"start":{"line":20,"column":25},"end":{"line":20,"column":75}},"12":{"start":{"line":21,"column":26},"end":{"line":21,"column":76}},"13":{"start":{"line":22,"column":4},"end":{"line":22,"column":25}},"14":{"start":{"line":24,"column":0},"end":{"line":24,"column":29}}},"fnMap":{"0":{"name":"(anonymous_0)","decl":{"start":{"line":2,"column":56},"end":{"line":2,"column":57}},"loc":{"start":{"line":2,"column":71},"end":{"line":4,"column":1}},"line":2},"1":{"name":"formatDate","decl":{"start":{"line":8,"column":9},"end":{"line":8,"column":19}},"loc":{"start":{"line":8,"column":34},"end":{"line":23,"column":1}},"line":8}},"branchMap":{"0":{"loc":{"start":{"line":2,"column":22},"end":{"line":4,"column":1}},"type":"binary-expr","locations":[{"start":{"line":2,"column":23},"end":{"line":2,"column":27}},{"start":{"line":2,"column":31},"end":{"line":2,"column":51}},{"start":{"line":2,"column":56},"end":{"line":4,"column":1}}],"line":2},"1":{"loc":{"start":{"line":3,"column":11},"end":{"line":3,"column":61}},"type":"cond-expr","locations":[{"start":{"line":3,"column":37},"end":{"line":3,"column":40}},{"start":{"line":3,"column":43},"end":{"line":3,"column":61}}],"line":3},"2":{"loc":{"start":{"line":3,"column":12},"end":{"line":3,"column":33}},"type":"binary-expr","locations":[{"start":{"line":3,"column":12},"end":{"line":3,"column":15}},{"start":{"line":3,"column":19},"end":{"line":3,"column":33}}],"line":3},"3":{"loc":{"start":{"line":10,"column":4},"end":{"line":12,"column":5}},"type":"if","locations":[{"start":{"line":10,"column":4},"end":{"line":12,"column":5}},{"start":{},"end":{}}],"line":10},"4":{"loc":{"start":{"line":13,"column":4},"end":{"line":15,"column":5}},"type":"if","locations":[{"start":{"line":13,"column":4},"end":{"line":15,"column":5}},{"start":{},"end":{}}],"line":13},"5":{"loc":{"start":{"line":16,"column":4},"end":{"line":18,"column":5}},"type":"if","locations":[{"start":{"line":16,"column":4},"end":{"line":18,"column":5}},{"start":{},"end":{}}],"line":16}},"s":{"0":1,"1":1,"2":1,"3":1,"4":1,"5":4,"6":1,"7":3,"8":1,"9":2,"10":1,"11":1,"12":1,"13":1,"14":1},"f":{"0":1,"1":4},"b":{"0":[1,1,1],"1":[1,0],"2":[1,1],"3":[1,3],"4":[1,2],"5":[1,1]},"inputSourceMap":null,"_coverageSchema":"1a1c01bbd47fc00a2c39e90264f33305004495a9","hash":"7600b9f9e413d989482e4d3e7bd86d15d9e5df1f"}
,"/home/andrew/repos/date-formatter-code-challenge/dist/functions/inputFormatParser/inputFormatParser.js": {"path":"/home/andrew/repos/date-formatter-code-challenge/dist/functions/inputFormatParser/inputFormatParser.js","statementMap":{"0":{"start":{"line":2,"column":0},"end":{"line":2,"column":62}},"1":{"start":{"line":3,"column":0},"end":{"line":3,"column":62}},"2":{"start":{"line":4,"column":22},"end":{"line":4,"column":56}},"3":{"start":{"line":5,"column":24},"end":{"line":10,"column":1}},"4":{"start":{"line":11,"column":0},"end":{"line":22,"column":2}},"5":{"start":{"line":24,"column":20},"end":{"line":24,"column":22}},"6":{"start":{"line":26,"column":4},"end":{"line":37,"column":7}},"7":{"start":{"line":27,"column":8},"end":{"line":36,"column":9}},"8":{"start":{"line":29,"column":12},"end":{"line":35,"column":13}},"9":{"start":{"line":31,"column":16},"end":{"line":31,"column":33}},"10":{"start":{"line":34,"column":16},"end":{"line":34,"column":54}},"11":{"start":{"line":39,"column":4},"end":{"line":41,"column":5}},"12":{"start":{"line":40,"column":8},"end":{"line":40,"column":50}},"13":{"start":{"line":42,"column":4},"end":{"line":42,"column":21}},"14":{"start":{"line":45,"column":31},"end":{"line":45,"column":56}},"15":{"start":{"line":47,"column":22},"end":{"line":47,"column":58}},"16":{"start":{"line":48,"column":24},"end":{"line":48,"column":59}},"17":{"start":{"line":51,"column":22},"end":{"line":61,"column":5}},"18":{"start":{"line":62,"column":4},"end":{"line":62,"column":41}},"19":{"start":{"line":64,"column":4},"end":{"line":101,"column":5}},"20":{"start":{"line":64,"column":17},"end":{"line":64,"column":18}},"21":{"start":{"line":65,"column":21},"end":{"line":65,"column":35}},"22":{"start":{"line":67,"column":8},"end":{"line":69,"column":9}},"23":{"start":{"line":68,"column":12},"end":{"line":68,"column":48}},"24":{"start":{"line":70,"column":8},"end":{"line":78,"column":9}},"25":{"start":{"line":71,"column":12},"end":{"line":77,"column":13}},"26":{"start":{"line":72,"column":16},"end":{"line":72,"column":60}},"27":{"start":{"line":75,"column":16},"end":{"line":75,"column":42}},"28":{"start":{"line":76,"column":16},"end":{"line":76,"column":53}},"29":{"start":{"line":79,"column":8},"end":{"line":88,"column":9}},"30":{"start":{"line":81,"column":12},"end":{"line":87,"column":13}},"31":{"start":{"line":82,"column":16},"end":{"line":82,"column":62}},"32":{"start":{"line":85,"column":16},"end":{"line":85,"column":44}},"33":{"start":{"line":86,"column":16},"end":{"line":86,"column":53}},"34":{"start":{"line":89,"column":8},"end":{"line":98,"column":9}},"35":{"start":{"line":91,"column":12},"end":{"line":97,"column":13}},"36":{"start":{"line":92,"column":16},"end":{"line":92,"column":61}},"37":{"start":{"line":95,"column":16},"end":{"line":95,"column":43}},"38":{"start":{"line":96,"column":16},"end":{"line":96,"column":53}},"39":{"start":{"line":103,"column":4},"end":{"line":116,"column":5}},"40":{"start":{"line":107,"column":8},"end":{"line":107,"column":93}},"41":{"start":{"line":111,"column":23},"end":{"line":114,"column":9}},"42":{"start":{"line":115,"column":8},"end":{"line":115,"column":22}},"43":{"start":{"line":118,"column":0},"end":{"line":118,"column":46}}},"fnMap":{"0":{"name":"isolateSeparator","decl":{"start":{"line":23,"column":9},"end":{"line":23,"column":25}},"loc":{"start":{"line":23,"column":39},"end":{"line":43,"column":1}},"line":23},"1":{"name":"(anonymous_1)","decl":{"start":{"line":26,"column":36},"end":{"line":26,"column":37}},"loc":{"start":{"line":26,"column":46},"end":{"line":37,"column":5}},"line":26},"2":{"name":"inputFormatParser","decl":{"start":{"line":44,"column":9},"end":{"line":44,"column":26}},"loc":{"start":{"line":44,"column":40},"end":{"line":117,"column":1}},"line":44}},"branchMap":{"0":{"loc":{"start":{"line":27,"column":8},"end":{"line":36,"column":9}},"type":"if","locations":[{"start":{"line":27,"column":8},"end":{"line":36,"column":9}},{"start":{},"end":{}}],"line":27},"1":{"loc":{"start":{"line":29,"column":12},"end":{"line":35,"column":13}},"type":"if","locations":[{"start":{"line":29,"column":12},"end":{"line":35,"column":13}},{"start":{"line":33,"column":17},"end":{"line":35,"column":13}}],"line":29},"2":{"loc":{"start":{"line":39,"column":4},"end":{"line":41,"column":5}},"type":"if","locations":[{"start":{"line":39,"column":4},"end":{"line":41,"column":5}},{"start":{},"end":{}}],"line":39},"3":{"loc":{"start":{"line":67,"column":8},"end":{"line":69,"column":9}},"type":"if","locations":[{"start":{"line":67,"column":8},"end":{"line":69,"column":9}},{"start":{},"end":{}}],"line":67},"4":{"loc":{"start":{"line":70,"column":8},"end":{"line":78,"column":9}},"type":"if","locations":[{"start":{"line":70,"column":8},"end":{"line":78,"column":9}},{"start":{},"end":{}}],"line":70},"5":{"loc":{"start":{"line":71,"column":12},"end":{"line":77,"column":13}},"type":"if","locations":[{"start":{"line":71,"column":12},"end":{"line":77,"column":13}},{"start":{"line":74,"column":17},"end":{"line":77,"column":13}}],"line":71},"6":{"loc":{"start":{"line":79,"column":8},"end":{"line":88,"column":9}},"type":"if","locations":[{"start":{"line":79,"column":8},"end":{"line":88,"column":9}},{"start":{},"end":{}}],"line":79},"7":{"loc":{"start":{"line":81,"column":12},"end":{"line":87,"column":13}},"type":"if","locations":[{"start":{"line":81,"column":12},"end":{"line":87,"column":13}},{"start":{"line":84,"column":17},"end":{"line":87,"column":13}}],"line":81},"8":{"loc":{"start":{"line":89,"column":8},"end":{"line":98,"column":9}},"type":"if","locations":[{"start":{"line":89,"column":8},"end":{"line":98,"column":9}},{"start":{},"end":{}}],"line":89},"9":{"loc":{"start":{"line":91,"column":12},"end":{"line":97,"column":13}},"type":"if","locations":[{"start":{"line":91,"column":12},"end":{"line":97,"column":13}},{"start":{"line":94,"column":17},"end":{"line":97,"column":13}}],"line":91},"10":{"loc":{"start":{"line":103,"column":4},"end":{"line":116,"column":5}},"type":"if","locations":[{"start":{"line":103,"column":4},"end":{"line":116,"column":5}},{"start":{"line":109,"column":9},"end":{"line":116,"column":5}}],"line":103},"11":{"loc":{"start":{"line":103,"column":8},"end":{"line":106,"column":30}},"type":"binary-expr","locations":[{"start":{"line":103,"column":8},"end":{"line":103,"column":24}},{"start":{"line":104,"column":8},"end":{"line":104,"column":26}},{"start":{"line":105,"column":8},"end":{"line":105,"column":25}},{"start":{"line":106,"column":8},"end":{"line":106,"column":30}}],"line":103}},"s":{"0":2,"1":2,"2":2,"3":2,"4":2,"5":7,"6":7,"7":62,"8":11,"9":10,"10":1,"11":6,"12":1,"13":5,"14":7,"15":7,"16":5,"17":5,"18":5,"19":5,"20":5,"21":13,"22":13,"23":0,"24":13,"25":5,"26":1,"27":4,"28":4,"29":12,"30":4,"31":1,"32":3,"33":3,"34":11,"35":4,"36":1,"37":3,"38":3,"39":2,"40":0,"41":2,"42":2,"43":2},"f":{"0":7,"1":62,"2":7},"b":{"0":[11,51],"1":[10,1],"2":[1,5],"3":[0,13],"4":[5,8],"5":[1,4],"6":[4,8],"7":[1,3],"8":[4,7],"9":[1,3],"10":[0,2],"11":[2,2,2,2]},"inputSourceMap":null,"_coverageSchema":"1a1c01bbd47fc00a2c39e90264f33305004495a9","hash":"a0d365a35b90404dc1f8534c36b48c2684e74a1d"}
,"/home/andrew/repos/date-formatter-code-challenge/dist/utils/isAlphaChar.js": {"path":"/home/andrew/repos/date-formatter-code-challenge/dist/utils/isAlphaChar.js","statementMap":{"0":{"start":{"line":2,"column":0},"end":{"line":2,"column":62}},"1":{"start":{"line":3,"column":0},"end":{"line":3,"column":29}},"2":{"start":{"line":5,"column":4},"end":{"line":7,"column":5}},"3":{"start":{"line":6,"column":8},"end":{"line":6,"column":84}},"4":{"start":{"line":8,"column":4},"end":{"line":10,"column":5}},"5":{"start":{"line":9,"column":8},"end":{"line":9,"column":96}},"6":{"start":{"line":11,"column":20},"end":{"line":11,"column":42}},"7":{"start":{"line":12,"column":4},"end":{"line":17,"column":5}},"8":{"start":{"line":13,"column":8},"end":{"line":13,"column":20}},"9":{"start":{"line":16,"column":8},"end":{"line":16,"column":21}},"10":{"start":{"line":19,"column":0},"end":{"line":19,"column":34}}},"fnMap":{"0":{"name":"isAlphaChar","decl":{"start":{"line":4,"column":9},"end":{"line":4,"column":20}},"loc":{"start":{"line":4,"column":29},"end":{"line":18,"column":1}},"line":4}},"branchMap":{"0":{"loc":{"start":{"line":5,"column":4},"end":{"line":7,"column":5}},"type":"if","locations":[{"start":{"line":5,"column":4},"end":{"line":7,"column":5}},{"start":{},"end":{}}],"line":5},"1":{"loc":{"start":{"line":8,"column":4},"end":{"line":10,"column":5}},"type":"if","locations":[{"start":{"line":8,"column":4},"end":{"line":10,"column":5}},{"start":{},"end":{}}],"line":8},"2":{"loc":{"start":{"line":12,"column":4},"end":{"line":17,"column":5}},"type":"if","locations":[{"start":{"line":12,"column":4},"end":{"line":17,"column":5}},{"start":{"line":15,"column":9},"end":{"line":17,"column":5}}],"line":12}},"s":{"0":3,"1":3,"2":64,"3":1,"4":63,"5":1,"6":62,"7":62,"8":51,"9":11,"10":3},"f":{"0":64},"b":{"0":[1,63],"1":[1,62],"2":[51,11]},"inputSourceMap":null,"_coverageSchema":"1a1c01bbd47fc00a2c39e90264f33305004495a9","hash":"f701a6d0db89a55a9d03aa20af1dd405b289003e"}
,"/home/andrew/repos/date-formatter-code-challenge/src/functions/applyDateFormat/applyDateFormat.ts": {"path":"/home/andrew/repos/date-formatter-code-challenge/src/functions/applyDateFormat/applyDateFormat.ts","statementMap":{"0":{"start":{"line":5,"column":2},"end":{"line":7,"column":3}},"1":{"start":{"line":6,"column":4},"end":{"line":6,"column":33}},"2":{"start":{"line":9,"column":2},"end":{"line":9,"column":16}},"3":{"start":{"line":14,"column":22},"end":{"line":22,"column":2}},"4":{"start":{"line":24,"column":23},"end":{"line":32,"column":2}},"5":{"start":{"line":48,"column":24},"end":{"line":61,"column":2}},"6":{"start":{"line":63,"column":25},"end":{"line":76,"column":2}},"7":{"start":{"line":83,"column":2},"end":{"line":83,"column":25}},"8":{"start":{"line":87,"column":2},"end":{"line":87,"column":35}},"9":{"start":{"line":91,"column":2},"end":{"line":91,"column":24}},"10":{"start":{"line":95,"column":2},"end":{"line":95,"column":22}},"11":{"start":{"line":96,"column":2},"end":{"line":99,"column":3}},"12":{"start":{"line":97,"column":4},"end":{"line":97,"column":32}},"13":{"start":{"line":98,"column":4},"end":{"line":98,"column":32}},"14":{"start":{"line":100,"column":2},"end":{"line":100,"column":24}},"15":{"start":{"line":104,"column":2},"end":{"line":104,"column":29}},"16":{"start":{"line":108,"column":2},"end":{"line":108,"column":28}},"17":{"start":{"line":113,"column":21},"end":{"line":113,"column":51}},"18":{"start":{"line":114,"column":2},"end":{"line":114,"column":20}},"19":{"start":{"line":118,"column":27},"end":{"line":118,"column":44}},"20":{"start":{"line":119,"column":2},"end":{"line":122,"column":3}},"21":{"start":{"line":120,"column":4},"end":{"line":120,"column":32}},"22":{"start":{"line":121,"column":4},"end":{"line":121,"column":45}},"23":{"start":{"line":123,"column":2},"end":{"line":123,"column":37}},"24":{"start":{"line":127,"column":2},"end":{"line":127,"column":33}},"25":{"start":{"line":130,"column":2},"end":{"line":130,"column":32}},"26":{"start":{"line":134,"column":28},"end":{"line":145,"column":2}},"27":{"start":{"line":154,"column":21},"end":{"line":154,"column":35}},"28":{"start":{"line":155,"column":20},"end":{"line":155,"column":57}},"29":{"start":{"line":156,"column":16},"end":{"line":156,"column":31}},"30":{"start":{"line":157,"column":15},"end":{"line":157,"column":33}},"31":{"start":{"line":161,"column":31},"end":{"line":161,"column":76}},"32":{"start":{"line":163,"column":48},"end":{"line":163,"column":74}},"33":{"start":{"line":166,"column":26},"end":{"line":166,"column":28}},"34":{"start":{"line":168,"column":2},"end":{"line":221,"column":3}},"35":{"start":{"line":168,"column":15},"end":{"line":168,"column":16}},"36":{"start":{"line":169,"column":19},"end":{"line":169,"column":39}},"37":{"start":{"line":171,"column":26},"end":{"line":171,"column":28}},"38":{"start":{"line":172,"column":4},"end":{"line":215,"column":5}},"39":{"start":{"line":174,"column":8},"end":{"line":174,"column":60}},"40":{"start":{"line":175,"column":8},"end":{"line":175,"column":64}},"41":{"start":{"line":176,"column":8},"end":{"line":176,"column":14}},"42":{"start":{"line":178,"column":8},"end":{"line":178,"column":60}},"43":{"start":{"line":179,"column":8},"end":{"line":179,"column":64}},"44":{"start":{"line":180,"column":8},"end":{"line":180,"column":14}},"45":{"start":{"line":182,"column":8},"end":{"line":182,"column":66}},"46":{"start":{"line":183,"column":8},"end":{"line":183,"column":64}},"47":{"start":{"line":184,"column":8},"end":{"line":184,"column":14}},"48":{"start":{"line":186,"column":8},"end":{"line":186,"column":66}},"49":{"start":{"line":187,"column":8},"end":{"line":187,"column":64}},"50":{"start":{"line":188,"column":8},"end":{"line":188,"column":14}},"51":{"start":{"line":190,"column":8},"end":{"line":190,"column":65}},"52":{"start":{"line":191,"column":8},"end":{"line":191,"column":64}},"53":{"start":{"line":192,"column":8},"end":{"line":192,"column":14}},"54":{"start":{"line":194,"column":8},"end":{"line":194,"column":65}},"55":{"start":{"line":195,"column":8},"end":{"line":195,"column":64}},"56":{"start":{"line":196,"column":8},"end":{"line":196,"column":14}},"57":{"start":{"line":198,"column":8},"end":{"line":198,"column":76}},"58":{"start":{"line":199,"column":8},"end":{"line":199,"column":64}},"59":{"start":{"line":200,"column":8},"end":{"line":200,"column":14}},"60":{"start":{"line":202,"column":8},"end":{"line":202,"column":76}},"61":{"start":{"line":203,"column":8},"end":{"line":203,"column":64}},"62":{"start":{"line":204,"column":8},"end":{"line":204,"column":14}},"63":{"start":{"line":207,"column":8},"end":{"line":207,"column":76}},"64":{"start":{"line":208,"column":8},"end":{"line":208,"column":64}},"65":{"start":{"line":209,"column":8},"end":{"line":209,"column":14}},"66":{"start":{"line":212,"column":8},"end":{"line":212,"column":76}},"67":{"start":{"line":213,"column":8},"end":{"line":213,"column":64}},"68":{"start":{"line":214,"column":8},"end":{"line":214,"column":14}},"69":{"start":{"line":218,"column":4},"end":{"line":220,"column":5}},"70":{"start":{"line":219,"column":6},"end":{"line":219,"column":69}},"71":{"start":{"line":224,"column":2},"end":{"line":224,"column":27}},"72":{"start":{"line":147,"column":0},"end":{"line":147,"column":24}}},"fnMap":{"0":{"name":"removeLeadingZeros","decl":{"start":{"line":4,"column":9},"end":{"line":4,"column":27}},"loc":{"start":{"line":4,"column":42},"end":{"line":10,"column":1}}},"1":{"name":"formatYearYyyy","decl":{"start":{"line":82,"column":9},"end":{"line":82,"column":23}},"loc":{"start":{"line":82,"column":36},"end":{"line":84,"column":1}}},"2":{"name":"formatYearYy","decl":{"start":{"line":86,"column":9},"end":{"line":86,"column":21}},"loc":{"start":{"line":86,"column":34},"end":{"line":88,"column":1}}},"3":{"name":"formatDayD","decl":{"start":{"line":90,"column":9},"end":{"line":90,"column":19}},"loc":{"start":{"line":90,"column":31},"end":{"line":92,"column":1}}},"4":{"name":"formatDayDd","decl":{"start":{"line":94,"column":9},"end":{"line":94,"column":20}},"loc":{"start":{"line":94,"column":32},"end":{"line":101,"column":1}}},"5":{"name":"formatDayDdd","decl":{"start":{"line":103,"column":9},"end":{"line":103,"column":21}},"loc":{"start":{"line":103,"column":36},"end":{"line":105,"column":1}}},"6":{"name":"formatDayDddd","decl":{"start":{"line":107,"column":9},"end":{"line":107,"column":22}},"loc":{"start":{"line":107,"column":37},"end":{"line":109,"column":1}}},"7":{"name":"formatMonthM","decl":{"start":{"line":111,"column":9},"end":{"line":111,"column":21}},"loc":{"start":{"line":111,"column":34},"end":{"line":115,"column":1}}},"8":{"name":"formatMonthMm","decl":{"start":{"line":117,"column":9},"end":{"line":117,"column":22}},"loc":{"start":{"line":117,"column":35},"end":{"line":124,"column":1}}},"9":{"name":"formatDayMmm","decl":{"start":{"line":126,"column":9},"end":{"line":126,"column":21}},"loc":{"start":{"line":126,"column":34},"end":{"line":128,"column":1}}},"10":{"name":"formatDayMmmm","decl":{"start":{"line":129,"column":9},"end":{"line":129,"column":22}},"loc":{"start":{"line":129,"column":35},"end":{"line":131,"column":1}}},"11":{"name":"applyDateFormat","decl":{"start":{"line":147,"column":24},"end":{"line":147,"column":39}},"loc":{"start":{"line":149,"column":34},"end":{"line":225,"column":1}}}},"branchMap":{"0":{"loc":{"start":{"line":96,"column":2},"end":{"line":99,"column":3}},"type":"if","locations":[{"start":{"line":96,"column":2},"end":{"line":99,"column":3}}]},"1":{"loc":{"start":{"line":119,"column":2},"end":{"line":122,"column":3}},"type":"if","locations":[{"start":{"line":119,"column":2},"end":{"line":122,"column":3}}]},"2":{"loc":{"start":{"line":172,"column":4},"end":{"line":215,"column":5}},"type":"switch","locations":[{"start":{"line":173,"column":6},"end":{"line":176,"column":14}},{"start":{"line":177,"column":6},"end":{"line":180,"column":14}},{"start":{"line":181,"column":6},"end":{"line":184,"column":14}},{"start":{"line":185,"column":6},"end":{"line":188,"column":14}},{"start":{"line":189,"column":6},"end":{"line":192,"column":14}},{"start":{"line":193,"column":6},"end":{"line":196,"column":14}},{"start":{"line":197,"column":6},"end":{"line":200,"column":14}},{"start":{"line":201,"column":6},"end":{"line":204,"column":14}},{"start":{"line":206,"column":6},"end":{"line":209,"column":14}},{"start":{"line":211,"column":6},"end":{"line":214,"column":14}}]},"3":{"loc":{"start":{"line":218,"column":4},"end":{"line":220,"column":5}},"type":"if","locations":[{"start":{"line":218,"column":4},"end":{"line":220,"column":5}}]}},"s":{"0":5,"1":0,"2":5,"3":2,"4":2,"5":2,"6":2,"7":3,"8":2,"9":1,"10":2,"11":2,"12":1,"13":1,"14":1,"15":1,"16":1,"17":1,"18":1,"19":2,"20":2,"21":2,"22":2,"23":0,"24":1,"25":1,"26":2,"27":5,"28":5,"29":5,"30":5,"31":5,"32":5,"33":5,"34":5,"35":5,"36":15,"37":15,"38":15,"39":3,"40":3,"41":3,"42":2,"43":2,"44":2,"45":1,"46":1,"47":1,"48":2,"49":2,"50":2,"51":1,"52":1,"53":1,"54":1,"55":1,"56":1,"57":1,"58":1,"59":1,"60":2,"61":2,"62":2,"63":1,"64":1,"65":1,"66":1,"67":1,"68":1,"69":15,"70":10,"71":5,"72":2},"f":{"0":5,"1":3,"2":2,"3":1,"4":2,"5":1,"6":1,"7":1,"8":2,"9":1,"10":1,"11":5},"b":{"0":[1],"1":[2],"2":[3,2,1,2,1,1,1,2,1,1],"3":[10]}}
,"/home/andrew/repos/date-formatter-code-challenge/src/functions/formatDate/formatDate.ts": {"path":"/home/andrew/repos/date-formatter-code-challenge/src/functions/formatDate/formatDate.ts","statementMap":{"0":{"start":{"line":1,"column":0},"end":{"line":1,"column":65}},"1":{"start":{"line":2,"column":0},"end":{"line":2,"column":75}},"2":{"start":{"line":15,"column":2},"end":{"line":17,"column":3}},"3":{"start":{"line":16,"column":4},"end":{"line":16,"column":65}},"4":{"start":{"line":19,"column":2},"end":{"line":21,"column":3}},"5":{"start":{"line":20,"column":4},"end":{"line":20,"column":75}},"6":{"start":{"line":23,"column":2},"end":{"line":25,"column":3}},"7":{"start":{"line":24,"column":4},"end":{"line":24,"column":61}},"8":{"start":{"line":29,"column":23},"end":{"line":29,"column":48}},"9":{"start":{"line":31,"column":24},"end":{"line":31,"column":59}},"10":{"start":{"line":33,"column":2},"end":{"line":33,"column":23}},"11":{"start":{"line":10,"column":0},"end":{"line":10,"column":24}}},"fnMap":{"0":{"name":"formatDate","decl":{"start":{"line":10,"column":24},"end":{"line":10,"column":34}},"loc":{"start":{"line":12,"column":21},"end":{"line":34,"column":1}}}},"branchMap":{"0":{"loc":{"start":{"line":15,"column":2},"end":{"line":17,"column":3}},"type":"if","locations":[{"start":{"line":15,"column":2},"end":{"line":17,"column":3}}]},"1":{"loc":{"start":{"line":19,"column":2},"end":{"line":21,"column":3}},"type":"if","locations":[{"start":{"line":19,"column":2},"end":{"line":21,"column":3}}]},"2":{"loc":{"start":{"line":23,"column":2},"end":{"line":25,"column":3}},"type":"if","locations":[{"start":{"line":23,"column":2},"end":{"line":25,"column":3}}]}},"s":{"0":1,"1":1,"2":4,"3":1,"4":3,"5":1,"6":2,"7":1,"8":1,"9":1,"10":1,"11":1},"f":{"0":4},"b":{"0":[1],"1":[1],"2":[1]}}
,"/home/andrew/repos/date-formatter-code-challenge/src/functions/inputFormatParser/inputFormatParser.ts": {"path":"/home/andrew/repos/date-formatter-code-challenge/src/functions/inputFormatParser/inputFormatParser.ts","statementMap":{"0":{"start":{"line":2,"column":0},"end":{"line":2,"column":54}},"1":{"start":{"line":3,"column":24},"end":{"line":8,"column":2}},"2":{"start":{"line":12,"column":13},"end":{"line":23,"column":2}},"3":{"start":{"line":44,"column":18},"end":{"line":44,"column":20}},"4":{"start":{"line":46,"column":2},"end":{"line":56,"column":5}},"5":{"start":{"line":47,"column":4},"end":{"line":55,"column":5}},"6":{"start":{"line":49,"column":6},"end":{"line":54,"column":7}},"7":{"start":{"line":51,"column":8},"end":{"line":51,"column":38}},"8":{"start":{"line":53,"column":8},"end":{"line":53,"column":46}},"9":{"start":{"line":59,"column":2},"end":{"line":61,"column":3}},"10":{"start":{"line":60,"column":4},"end":{"line":60,"column":46}},"11":{"start":{"line":62,"column":2},"end":{"line":62,"column":32}},"12":{"start":{"line":68,"column":29},"end":{"line":68,"column":54}},"13":{"start":{"line":71,"column":20},"end":{"line":71,"column":56}},"14":{"start":{"line":73,"column":22},"end":{"line":73,"column":57}},"15":{"start":{"line":77,"column":47},"end":{"line":87,"column":4}},"16":{"start":{"line":89,"column":2},"end":{"line":89,"column":39}},"17":{"start":{"line":92,"column":2},"end":{"line":131,"column":3}},"18":{"start":{"line":92,"column":15},"end":{"line":92,"column":16}},"19":{"start":{"line":93,"column":17},"end":{"line":93,"column":31}},"20":{"start":{"line":97,"column":4},"end":{"line":99,"column":5}},"21":{"start":{"line":98,"column":6},"end":{"line":98,"column":42}},"22":{"start":{"line":101,"column":4},"end":{"line":108,"column":5}},"23":{"start":{"line":102,"column":6},"end":{"line":107,"column":7}},"24":{"start":{"line":103,"column":8},"end":{"line":103,"column":52}},"25":{"start":{"line":105,"column":8},"end":{"line":105,"column":45}},"26":{"start":{"line":106,"column":8},"end":{"line":106,"column":56}},"27":{"start":{"line":109,"column":4},"end":{"line":117,"column":5}},"28":{"start":{"line":111,"column":6},"end":{"line":116,"column":7}},"29":{"start":{"line":112,"column":8},"end":{"line":112,"column":54}},"30":{"start":{"line":114,"column":8},"end":{"line":114,"column":49}},"31":{"start":{"line":115,"column":8},"end":{"line":115,"column":58}},"32":{"start":{"line":118,"column":4},"end":{"line":126,"column":5}},"33":{"start":{"line":120,"column":6},"end":{"line":125,"column":7}},"34":{"start":{"line":121,"column":8},"end":{"line":121,"column":53}},"35":{"start":{"line":123,"column":8},"end":{"line":123,"column":47}},"36":{"start":{"line":124,"column":8},"end":{"line":124,"column":57}},"37":{"start":{"line":135,"column":2},"end":{"line":151,"column":3}},"38":{"start":{"line":141,"column":4},"end":{"line":143,"column":6}},"39":{"start":{"line":146,"column":39},"end":{"line":149,"column":6}},"40":{"start":{"line":150,"column":4},"end":{"line":150,"column":18}},"41":{"start":{"line":65,"column":0},"end":{"line":65,"column":16}}},"fnMap":{"0":{"name":"isolateSeparator","decl":{"start":{"line":43,"column":9},"end":{"line":43,"column":25}},"loc":{"start":{"line":43,"column":45},"end":{"line":63,"column":1}}},"1":{"name":"(anonymous_1)","decl":{"start":{"line":46,"column":34},"end":{"line":46,"column":35}},"loc":{"start":{"line":46,"column":43},"end":{"line":56,"column":3}}},"2":{"name":"inputFormatParser","decl":{"start":{"line":65,"column":16},"end":{"line":65,"column":33}},"loc":{"start":{"line":66,"column":26},"end":{"line":152,"column":1}}}},"branchMap":{"0":{"loc":{"start":{"line":47,"column":4},"end":{"line":55,"column":5}},"type":"if","locations":[{"start":{"line":47,"column":4},"end":{"line":55,"column":5}}]},"1":{"loc":{"start":{"line":49,"column":6},"end":{"line":54,"column":7}},"type":"if","locations":[{"start":{"line":49,"column":6},"end":{"line":54,"column":7}},{"start":{"line":52,"column":13},"end":{"line":54,"column":7}}]},"2":{"loc":{"start":{"line":59,"column":2},"end":{"line":61,"column":3}},"type":"if","locations":[{"start":{"line":59,"column":2},"end":{"line":61,"column":3}}]},"3":{"loc":{"start":{"line":97,"column":4},"end":{"line":99,"column":5}},"type":"if","locations":[{"start":{"line":97,"column":4},"end":{"line":99,"column":5}}]},"4":{"loc":{"start":{"line":101,"column":4},"end":{"line":108,"column":5}},"type":"if","locations":[{"start":{"line":101,"column":4},"end":{"line":108,"column":5}}]},"5":{"loc":{"start":{"line":102,"column":6},"end":{"line":107,"column":7}},"type":"if","locations":[{"start":{"line":102,"column":6},"end":{"line":107,"column":7}},{"start":{"line":104,"column":13},"end":{"line":107,"column":7}}]},"6":{"loc":{"start":{"line":109,"column":4},"end":{"line":117,"column":5}},"type":"if","locations":[{"start":{"line":109,"column":4},"end":{"line":117,"column":5}}]},"7":{"loc":{"start":{"line":111,"column":6},"end":{"line":116,"column":7}},"type":"if","locations":[{"start":{"line":111,"column":6},"end":{"line":116,"column":7}},{"start":{"line":113,"column":13},"end":{"line":116,"column":7}}]},"8":{"loc":{"start":{"line":118,"column":4},"end":{"line":126,"column":5}},"type":"if","locations":[{"start":{"line":118,"column":4},"end":{"line":126,"column":5}}]},"9":{"loc":{"start":{"line":120,"column":6},"end":{"line":125,"column":7}},"type":"if","locations":[{"start":{"line":120,"column":6},"end":{"line":125,"column":7}},{"start":{"line":122,"column":13},"end":{"line":125,"column":7}}]},"10":{"loc":{"start":{"line":135,"column":2},"end":{"line":151,"column":3}},"type":"if","locations":[{"start":{"line":135,"column":2},"end":{"line":151,"column":3}},{"start":{"line":144,"column":9},"end":{"line":151,"column":3}}]},"11":{"loc":{"start":{"line":136,"column":4},"end":{"line":139,"column":26}},"type":"binary-expr","locations":[{"start":{"line":136,"column":4},"end":{"line":136,"column":20}},{"start":{"line":137,"column":4},"end":{"line":137,"column":22}},{"start":{"line":138,"column":4},"end":{"line":138,"column":21}},{"start":{"line":139,"column":4},"end":{"line":139,"column":26}}]}},"s":{"0":2,"1":2,"2":2,"3":7,"4":7,"5":62,"6":11,"7":10,"8":1,"9":6,"10":1,"11":5,"12":7,"13":7,"14":5,"15":5,"16":5,"17":5,"18":5,"19":13,"20":13,"21":0,"22":13,"23":5,"24":1,"25":4,"26":4,"27":12,"28":4,"29":1,"30":3,"31":3,"32":11,"33":4,"34":1,"35":3,"36":3,"37":2,"38":0,"39":2,"40":2,"41":2},"f":{"0":7,"1":62,"2":7},"b":{"0":[11],"1":[10,1],"2":[1],"3":[0],"4":[5],"5":[1,4],"6":[4],"7":[1,3],"8":[4],"9":[1,3],"10":[0,2],"11":[2,2,2,2]}}
,"/home/andrew/repos/date-formatter-code-challenge/src/utils/isAlphaChar.ts": {"path":"/home/andrew/repos/date-formatter-code-challenge/src/utils/isAlphaChar.ts","statementMap":{"0":{"start":{"line":2,"column":2},"end":{"line":4,"column":3}},"1":{"start":{"line":3,"column":4},"end":{"line":3,"column":80}},"2":{"start":{"line":6,"column":2},"end":{"line":10,"column":3}},"3":{"start":{"line":7,"column":4},"end":{"line":9,"column":6}},"4":{"start":{"line":12,"column":18},"end":{"line":12,"column":40}},"5":{"start":{"line":13,"column":2},"end":{"line":17,"column":3}},"6":{"start":{"line":14,"column":4},"end":{"line":14,"column":16}},"7":{"start":{"line":16,"column":4},"end":{"line":16,"column":17}},"8":{"start":{"line":1,"column":0},"end":{"line":1,"column":16}}},"fnMap":{"0":{"name":"isAlphaChar","decl":{"start":{"line":1,"column":16},"end":{"line":1,"column":27}},"loc":{"start":{"line":1,"column":42},"end":{"line":18,"column":1}}}},"branchMap":{"0":{"loc":{"start":{"line":2,"column":2},"end":{"line":4,"column":3}},"type":"if","locations":[{"start":{"line":2,"column":2},"end":{"line":4,"column":3}}]},"1":{"loc":{"start":{"line":6,"column":2},"end":{"line":10,"column":3}},"type":"if","locations":[{"start":{"line":6,"column":2},"end":{"line":10,"column":3}}]},"2":{"loc":{"start":{"line":13,"column":2},"end":{"line":17,"column":3}},"type":"if","locations":[{"start":{"line":13,"column":2},"end":{"line":17,"column":3}},{"start":{"line":15,"column":9},"end":{"line":17,"column":3}}]}},"s":{"0":64,"1":1,"2":63,"3":1,"4":62,"5":62,"6":51,"7":11,"8":3},"f":{"0":64},"b":{"0":[1],"1":[1],"2":[51,11]}}
}
