TN:
SF:functions/applyDateFormat/applyDateFormat.ts
FN:4,removeLeadingZeros
FN:82,formatYearYyyy
FN:86,formatYearYy
FN:90,formatDayD
FN:94,formatDayDd
FN:103,formatDayDdd
FN:107,formatDayDddd
FN:111,formatMonthM
FN:117,formatMonthMm
FN:126,formatDayMmm
FN:129,formatDayMmmm
FN:147,applyDateFormat
FNF:12
FNH:12
FNDA:5,removeLeadingZeros
FNDA:3,formatYearYyyy
FNDA:2,formatYearYy
FNDA:1,formatDayD
FNDA:2,formatDayDd
FNDA:1,formatDayDdd
FNDA:1,formatDayDddd
FNDA:1,formatMonthM
FNDA:2,formatMonthMm
FNDA:1,formatDayMmm
FNDA:1,formatDayMmmm
FNDA:5,applyDateFormat
DA:5,5
DA:6,0
DA:9,5
DA:14,2
DA:24,2
DA:48,2
DA:63,2
DA:83,3
DA:87,2
DA:91,1
DA:95,2
DA:96,2
DA:97,2
DA:98,2
DA:100,0
DA:104,1
DA:108,1
DA:113,1
DA:114,1
DA:118,2
DA:119,2
DA:120,2
DA:121,2
DA:123,0
DA:127,1
DA:130,1
DA:134,2
DA:147,2
DA:154,5
DA:155,5
DA:156,5
DA:157,5
DA:161,5
DA:163,5
DA:166,5
DA:168,5
DA:169,15
DA:171,15
DA:172,15
DA:174,3
DA:175,3
DA:176,3
DA:178,2
DA:179,2
DA:180,2
DA:182,1
DA:183,1
DA:184,1
DA:186,2
DA:187,2
DA:188,2
DA:190,1
DA:191,1
DA:192,1
DA:194,1
DA:195,1
DA:196,1
DA:198,1
DA:199,1
DA:200,1
DA:202,2
DA:203,2
DA:204,2
DA:207,1
DA:208,1
DA:209,1
DA:212,1
DA:213,1
DA:214,1
DA:218,15
DA:219,10
DA:224,5
LF:72
LH:69
BRDA:96,0,0,2
BRDA:119,1,0,2
BRDA:172,2,0,3
BRDA:172,2,1,2
BRDA:172,2,2,1
BRDA:172,2,3,2
BRDA:172,2,4,1
BRDA:172,2,5,1
BRDA:172,2,6,1
BRDA:172,2,7,2
BRDA:172,2,8,1
BRDA:172,2,9,1
BRDA:218,3,0,10
BRF:13
BRH:13
end_of_record
TN:
SF:functions/formatDate/formatDate.ts
FN:5,formatDate
FNF:1
FNH:1
FNDA:4,formatDate
DA:2,1
DA:3,1
DA:5,1
DA:10,4
DA:11,1
DA:14,3
DA:15,1
DA:18,2
DA:19,1
DA:24,1
DA:26,1
DA:28,1
LF:12
LH:12
BRDA:10,0,0,1
BRDA:14,1,0,1
BRDA:18,2,0,1
BRF:3
BRH:3
end_of_record
TN:
SF:functions/inputFormatParser/inputFormatParser.ts
FN:43,isolateSeparator
FN:46,(anonymous_1)
FN:64,inputFormatParser
FNF:3
FNH:3
FNDA:7,isolateSeparator
FNDA:62,(anonymous_1)
FNDA:7,inputFormatParser
DA:2,2
DA:3,2
DA:12,2
DA:44,7
DA:46,7
DA:47,62
DA:48,11
DA:50,10
DA:52,1
DA:58,6
DA:59,1
DA:61,5
DA:64,2
DA:67,7
DA:70,7
DA:72,5
DA:74,5
DA:82,5
DA:85,5
DA:86,13
DA:90,13
DA:91,0
DA:94,13
DA:95,5
DA:96,1
DA:98,4
DA:99,4
DA:102,12
DA:104,4
DA:105,1
DA:107,3
DA:108,3
DA:111,11
DA:113,4
DA:114,1
DA:116,3
DA:117,3
DA:128,2
DA:134,0
DA:139,2
DA:143,2
LF:41
LH:39
BRDA:47,0,0,11
BRDA:48,1,0,10
BRDA:48,1,1,1
BRDA:58,2,0,1
BRDA:90,3,0,0
BRDA:94,4,0,5
BRDA:95,5,0,1
BRDA:95,5,1,4
BRDA:102,6,0,4
BRDA:104,7,0,1
BRDA:104,7,1,3
BRDA:111,8,0,4
BRDA:113,9,0,1
BRDA:113,9,1,3
BRDA:128,10,0,0
BRDA:128,10,1,2
BRDA:129,11,0,2
BRDA:129,11,1,2
BRDA:129,11,2,2
BRDA:129,11,3,2
BRF:20
BRH:18
end_of_record
TN:
SF:utils/isAlphaChar.ts
FN:1,isAlphaChar
FNF:1
FNH:1
FNDA:64,isAlphaChar
DA:1,3
DA:2,64
DA:3,1
DA:6,63
DA:7,1
DA:12,62
DA:13,62
DA:14,51
DA:16,11
LF:9
LH:9
BRDA:2,0,0,1
BRDA:6,1,0,1
BRDA:13,2,0,51
BRDA:13,2,1,11
BRF:4
BRH:4
end_of_record
